The CXX compiler identification could not be found in "C:/Users/Lenovo/CLionProjects/DataStructures/LinkedList/code1/cmake-build-debug/CMakeFiles/3.10.3/CompilerIdCXX/a.exe"

The CXX compiler identification could not be found in "C:/Users/Lenovo/CLionProjects/DataStructures/LinkedList/code1/cmake-build-debug/CMakeFiles/3.10.3/CompilerIdCXX/a.exe"

The CXX compiler identification could not be found in "C:/Users/Lenovo/CLionProjects/DataStructures/LinkedList/code1/cmake-build-debug/CMakeFiles/3.10.3/CompilerIdCXX/a.exe"

Detecting CXX [-std=c++1z] compiler features failed to compile with the following output:
Change Dir: C:/Users/Lenovo/CLionProjects/DataStructures/LinkedList/code1/cmake-build-debug/CMakeFiles/CMakeTmp

Run Build Command:"C:/MinGW/bin/mingw32-make.exe" "cmTC_d4a6a/fast"
C:/MinGW/bin/mingw32-make.exe -f CMakeFiles\cmTC_d4a6a.dir\build.make CMakeFiles/cmTC_d4a6a.dir/build
mingw32-make.exe[1]: Entering directory 'C:/Users/Lenovo/CLionProjects/DataStructures/LinkedList/code1/cmake-build-debug/CMakeFiles/CMakeTmp'
Building CXX object CMakeFiles/cmTC_d4a6a.dir/feature_tests.cxx.obj
C:\MinGW\bin\g++.exe    -std=c++1z -o CMakeFiles\cmTC_d4a6a.dir\feature_tests.cxx.obj -c C:\Users\Lenovo\CLionProjects\DataStructures\LinkedList\code1\cmake-build-debug\CMakeFiles\feature_tests.cxx
Linking CXX executable cmTC_d4a6a.exe
"C:\Program Files\JetBrains\CLion 2018.1.3\bin\cmake\bin\cmake.exe" -E cmake_link_script CMakeFiles\cmTC_d4a6a.dir\link.txt --verbose=1
"C:\Program Files\JetBrains\CLion 2018.1.3\bin\cmake\bin\cmake.exe" -E remove -f CMakeFiles\cmTC_d4a6a.dir/objects.a
C:\MinGW\bin\ar.exe cr CMakeFiles\cmTC_d4a6a.dir/objects.a @CMakeFiles\cmTC_d4a6a.dir\objects1.rsp
C:\MinGW\bin\g++.exe      -Wl,--whole-archive CMakeFiles\cmTC_d4a6a.dir/objects.a -Wl,--no-whole-archive  -o cmTC_d4a6a.exe -Wl,--out-implib,libcmTC_d4a6a.dll.a -Wl,--major-image-version,0,--minor-image-version,0 @CMakeFiles\cmTC_d4a6a.dir\linklibs.rsp
mingw32-make.exe[1]: Leaving directory 'C:/Users/Lenovo/CLionProjects/DataStructures/LinkedList/code1/cmake-build-debug/CMakeFiles/CMakeTmp'

Cannot copy output executable
  'C:/Users/Lenovo/CLionProjects/DataStructures/LinkedList/code1/cmake-build-debug/CMakeFiles/CMakeTmp/cmTC_d4a6a.exe'
to destination specified by COPY_FILE:
  'C:/Users/Lenovo/CLionProjects/DataStructures/LinkedList/code1/cmake-build-debug/CMakeFiles/feature_tests.bin'


